<?xml version="1.0" encoding="UTF-8"?>
<!-- Generated by org.testng.reporters.JUnitXMLReporter -->
<testsuite hostname="shah-pc" ignored="0" name="Hub Spot App Sanity Test" tests="2" failures="0" timestamp="2019-11-30T16:45:02 IST" time="63.079" errors="0">
  <testcase name="getLoginPageTitleTest" time="12.156" classname="com.qa.hubspot.Testcases.LoginTest"/>
  <testcase name="loginTest" time="19.165" classname="com.qa.hubspot.Testcases.LoginTest"/>
</testsuite> <!-- Hub Spot App Sanity Test -->
